<?xml version="1.0" encoding="UTF-8"?>
<testsuite xmlns:xsi="http://www.w3.org/2001/XMLSchema-instance" xsi:noNamespaceSchemaLocation="https://maven.apache.org/surefire/maven-surefire-plugin/xsd/surefire-test-report.xsd" name="com.devonfw.java.modules.swttest.Devon4jAppTest" time="141.799" tests="2" errors="2" skipped="0" failures="0">
  <properties>
    <property name="org.eclipse.swt.internal.webkitgtk.version" value="2.22.5"/>
    <property name="awt.toolkit" value="sun.awt.X11.XToolkit"/>
    <property name="java.specification.version" value="11"/>
    <property name="sun.cpu.isalist" value=""/>
    <property name="sun.jnu.encoding" value="UTF-8"/>
    <property name="osgi.nl" value="en_IN"/>
    <property name="osgi.syspath" value="/home/rohit/SWTBOT-repo/projects/my-project/software/eclipse/plugins"/>
    <property name="sun.arch.data.model" value="64"/>
    <property name="osgi.instance.area.default" value="file:/home/rohit/workspace/"/>
    <property name="equinox.init.uuid" value="true"/>
    <property name="ds.delayed.keepInstances.default" value="true"/>
    <property name="java.vendor.url" value="https://adoptopenjdk.net/"/>
    <property name="org.osgi.framework.system.capabilities" value="osgi.ee; osgi.ee=&quot;OSGi/Minimum&quot;; version:List&lt;Version&gt;=&quot;1.0, 1.1, 1.2&quot;, osgi.ee; osgi.ee=&quot;JRE&quot;; version:List&lt;Version&gt;=&quot;1.0, 1.1&quot;, osgi.ee; osgi.ee=&quot;JavaSE&quot;; version:List&lt;Version&gt;=&quot;1.0, 1.1, 1.2, 1.3, 1.4, 1.5, 1.6, 1.7, 1.8, 9.0, 10.0, 11.0&quot;,osgi.ee; osgi.ee=&quot;JavaSE/compact1&quot;; version:List&lt;Version&gt;=&quot;1.8, 9.0, 10.0, 11.0&quot;,osgi.ee; osgi.ee=&quot;JavaSE/compact2&quot;; version:List&lt;Version&gt;=&quot;1.8, 9.0, 10.0, 11.0&quot;,osgi.ee; osgi.ee=&quot;JavaSE/compact3&quot;; version:List&lt;Version&gt;=&quot;1.8, 9.0, 10.0, 11.0&quot;"/>
    <property name="sun.boot.library.path" value="/home/rohit/Desktop/projects/my-project/software/java/lib"/>
    <property name="sun.java.command" value="/home/rohit/SWTBOT-repo/projects/my-project/software/eclipse/plugins/org.eclipse.equinox.launcher_1.5.500.v20190715-1310.jar -data /home/rohit/Desktop/swtbotLinuxTesting/SWTBOT-repo/swtbot/swtbot-eclipse-test/target/work/data -install /home/rohit/SWTBOT-repo/projects/my-project/software/eclipse -configuration /home/rohit/SWTBOT-repo/projects/my-project/software/eclipse/configuration -application org.eclipse.tycho.surefire.osgibooter.uitest -testproperties /home/rohit/Desktop/swtbotLinuxTesting/SWTBOT-repo/swtbot/swtbot-eclipse-test/target/surefire.properties -nouithread"/>
    <property name="jdk.debug" value="release"/>
    <property name="org.osgi.supports.framework.requirebundle" value="true"/>
    <property name="osgi.arch" value="x86_64"/>
    <property name="org.eclipse.equinox.simpleconfigurator.configUrl" value="file:org.eclipse.equinox.simpleconfigurator/bundles.info"/>
    <property name="java.specification.vendor" value="Oracle Corporation"/>
    <property name="org.osgi.framework.language" value="en"/>
    <property name="org.osgi.framework.system.packages" value="com.sun.jarsigner, com.sun.java.accessibility.util, com.sun.javadoc, com.sun.jdi, com.sun.jdi.connect, com.sun.jdi.connect.spi, com.sun.jdi.event, com.sun.jdi.request, com.sun.management, com.sun.net.httpserver, com.sun.net.httpserver.spi, com.sun.nio.file, com.sun.nio.sctp, com.sun.security.auth, com.sun.security.auth.callback, com.sun.security.auth.login, com.sun.security.auth.module, com.sun.security.jgss, com.sun.source.doctree, com.sun.source.tree, com.sun.source.util, com.sun.tools.attach, com.sun.tools.attach.spi, com.sun.tools.javac, com.sun.tools.javadoc, com.sun.tools.jconsole, java.applet, java.awt, java.awt.color, java.awt.datatransfer, java.awt.desktop, java.awt.dnd, java.awt.event, java.awt.font, java.awt.geom, java.awt.im, java.awt.im.spi, java.awt.image, java.awt.image.renderable, java.awt.print, java.beans, java.beans.beancontext, java.io, java.lang, java.lang.annotation, java.lang.instrument, java.lang.invoke, java.lang.management, java.lang.module, java.lang.ref, java.lang.reflect, java.math, java.net, java.net.http, java.net.spi, java.nio, java.nio.channels, java.nio.channels.spi, java.nio.charset, java.nio.charset.spi, java.nio.file, java.nio.file.attribute, java.nio.file.spi, java.rmi, java.rmi.activation, java.rmi.dgc, java.rmi.registry, java.rmi.server, java.security, java.security.acl, java.security.cert, java.security.interfaces, java.security.spec, java.sql, java.text, java.text.spi, java.time, java.time.chrono, java.time.format, java.time.temporal, java.time.zone, java.util, java.util.concurrent, java.util.concurrent.atomic, java.util.concurrent.locks, java.util.function, java.util.jar, java.util.logging, java.util.prefs, java.util.regex, java.util.spi, java.util.stream, java.util.zip, javax.accessibility, javax.annotation.processing, javax.crypto, javax.crypto.interfaces, javax.crypto.spec, javax.imageio, javax.imageio.event, javax.imageio.metadata, javax.imageio.plugins.bmp, javax.imageio.plugins.jpeg, javax.imageio.plugins.tiff, javax.imageio.spi, javax.imageio.stream, javax.lang.model, javax.lang.model.element, javax.lang.model.type, javax.lang.model.util, javax.management, javax.management.loading, javax.management.modelmbean, javax.management.monitor, javax.management.openmbean, javax.management.relation, javax.management.remote, javax.management.remote.rmi, javax.management.timer, javax.naming, javax.naming.directory, javax.naming.event, javax.naming.ldap, javax.naming.spi, javax.net, javax.net.ssl, javax.print, javax.print.attribute, javax.print.attribute.standard, javax.print.event, javax.rmi.ssl, javax.script, javax.security.auth, javax.security.auth.callback, javax.security.auth.kerberos, javax.security.auth.login, javax.security.auth.spi, javax.security.auth.x500, javax.security.cert, javax.security.sasl, javax.smartcardio, javax.sound.midi, javax.sound.midi.spi, javax.sound.sampled, javax.sound.sampled.spi, javax.sql, javax.sql.rowset, javax.sql.rowset.serial, javax.sql.rowset.spi, javax.swing, javax.swing.border, javax.swing.colorchooser, javax.swing.event, javax.swing.filechooser, javax.swing.plaf, javax.swing.plaf.basic, javax.swing.plaf.metal, javax.swing.plaf.multi, javax.swing.plaf.nimbus, javax.swing.plaf.synth, javax.swing.table, javax.swing.text, javax.swing.text.html, javax.swing.text.html.parser, javax.swing.text.rtf, javax.swing.tree, javax.swing.undo, javax.tools, javax.transaction.xa, javax.xml, javax.xml.catalog, javax.xml.crypto, javax.xml.crypto.dom, javax.xml.crypto.dsig, javax.xml.crypto.dsig.dom, javax.xml.crypto.dsig.keyinfo, javax.xml.crypto.dsig.spec, javax.xml.datatype, javax.xml.namespace, javax.xml.parsers, javax.xml.stream, javax.xml.stream.events, javax.xml.stream.util, javax.xml.transform, javax.xml.transform.dom, javax.xml.transform.sax, javax.xml.transform.stax, javax.xml.transform.stream, javax.xml.validation, javax.xml.xpath, jdk.dynalink, jdk.dynalink.beans, jdk.dynalink.linker, jdk.dynalink.linker.support, jdk.dynalink.support, jdk.javadoc.doclet, jdk.jfr, jdk.jfr.consumer, jdk.jshell, jdk.jshell.execution, jdk.jshell.spi, jdk.jshell.tool, jdk.management.jfr, jdk.nashorn.api.scripting, jdk.nashorn.api.tree, jdk.net, jdk.nio, jdk.security.jarsigner, jdk.swing.interop, netscape.javascript, org.ietf.jgss, org.w3c.dom, org.w3c.dom.bootstrap, org.w3c.dom.css, org.w3c.dom.events, org.w3c.dom.html, org.w3c.dom.ls, org.w3c.dom.ranges, org.w3c.dom.stylesheets, org.w3c.dom.traversal, org.w3c.dom.views, org.w3c.dom.xpath, org.xml.sax, org.xml.sax.ext, org.xml.sax.helpers, sun.misc, sun.reflect"/>
    <property name="eclipse.application" value="org.eclipse.tycho.surefire.osgibooter.uitest"/>
    <property name="gosh.args" value="--nointeractive"/>
    <property name="java.version.date" value="2019-10-15"/>
    <property name="java.home" value="/home/rohit/Desktop/projects/my-project/software/java"/>
    <property name="file.separator" value="/"/>
    <property name="osgi.noShutdown" value="false"/>
    <property name="java.vm.compressedOopsMode" value="32-bit"/>
    <property name="line.separator" value="&#10;"/>
    <property name="org.osgi.framework.executionenvironment" value="OSGi/Minimum-1.0, OSGi/Minimum-1.1, OSGi/Minimum-1.2, JavaSE/compact1-1.8, JavaSE/compact2-1.8, JavaSE/compact3-1.8, JRE-1.1, J2SE-1.2, J2SE-1.3, J2SE-1.4, J2SE-1.5, JavaSE-1.6, JavaSE-1.7, JavaSE-1.8, JavaSE-9, JavaSE-10, JavaSE-11"/>
    <property name="java.specification.name" value="Java Platform API Specification"/>
    <property name="java.vm.specification.vendor" value="Oracle Corporation"/>
    <property name="osgi.compatibility.bootdelegation.default" value="true"/>
    <property name="eclipse.buildId" value="4.13.0.I20190916-1045"/>
    <property name="org.eclipse.swt.internal.gtk.version" value="3.22.30"/>
    <property name="sun.management.compiler" value="HotSpot 64-Bit Tiered Compilers"/>
    <property name="java.runtime.version" value="11.0.5+10"/>
    <property name="org.eclipse.swt.internal.deviceZoom" value="100"/>
    <property name="user.name" value="rohit"/>
    <property name="osgi.framework.useSystemProperties" value="true"/>
    <property name="org.osgi.framework.vendor" value="Eclipse"/>
    <property name="file.encoding" value="UTF-8"/>
    <property name="java.vendor.version" value="AdoptOpenJDK"/>
    <property name="osgi.framework.extensions" value="reference:file:org.eclipse.osgi.compatibility.state_1.1.600.v20190814-1451.jar"/>
    <property name="java.io.tmpdir" value="/tmp"/>
    <property name="eclipse.home.location" value="file:/home/rohit/SWTBOT-repo/projects/my-project/software/eclipse/"/>
    <property name="java.version" value="11.0.5"/>
    <property name="osgi.bundles.defaultStartLevel" value="4"/>
    <property name="java.vm.specification.name" value="Java Virtual Machine Specification"/>
    <property name="java.awt.printerjob" value="sun.print.PSPrinterJob"/>
    <property name="sun.os.patch.level" value="unknown"/>
    <property name="java.library.path" value="/usr/java/packages/lib:/usr/lib64:/lib64:/lib:/usr/lib"/>
    <property name="java.vendor" value="AdoptOpenJDK"/>
    <property name="sun.io.unicode.encoding" value="UnicodeLittle"/>
    <property name="eclipse.stateSaveDelayInterval" value="30000"/>
    <property name="sun.desktop" value="gnome"/>
    <property name="org.osgi.framework.version" value="1.9.0"/>
    <property name="java.class.path" value="/home/rohit/SWTBOT-repo/projects/my-project/software/eclipse/plugins/org.eclipse.equinox.launcher_1.5.500.v20190715-1310.jar"/>
    <property name="java.vm.vendor" value="AdoptOpenJDK"/>
    <property name="user.timezone" value="Asia/Kolkata"/>
    <property name="org.osgi.framework.uuid" value="0c70d635-48f5-4319-9463-587385e1c3c9"/>
    <property name="os.name" value="Linux"/>
    <property name="java.vm.specification.version" value="11"/>
    <property name="org.osgi.framework.processor" value="x86-64"/>
    <property name="sun.java.launcher" value="SUN_STANDARD"/>
    <property name="user.country" value="IN"/>
    <property name="sun.cpu.endian" value="little"/>
    <property name="osgi.logfile" value="/home/rohit/Desktop/swtbotLinuxTesting/SWTBOT-repo/swtbot/swtbot-eclipse-test/target/work/data/.metadata/.log"/>
    <property name="user.home" value="/home/rohit"/>
    <property name="osgi.install.area" value="file:/home/rohit/SWTBOT-repo/projects/my-project/software/eclipse/"/>
    <property name="user.language" value="en"/>
    <property name="org.eclipse.swt.internal.gtk.theme" value="Ambiance"/>
    <property name="osgi.tracefile" value="/home/rohit/Desktop/swtbotLinuxTesting/SWTBOT-repo/swtbot/swtbot-eclipse-test/target/work/data/.metadata/trace.log"/>
    <property name="java.awt.graphicsenv" value="sun.awt.X11GraphicsEnvironment"/>
    <property name="ds.delayed.keepInstances" value="true"/>
    <property name="eclipse.product" value="org.eclipse.platform.ide"/>
    <property name="eclipse.commands" value="-data&#10;/home/rohit/Desktop/swtbotLinuxTesting/SWTBOT-repo/swtbot/swtbot-eclipse-test/target/work/data&#10;-install&#10;/home/rohit/SWTBOT-repo/projects/my-project/software/eclipse&#10;-configuration&#10;/home/rohit/SWTBOT-repo/projects/my-project/software/eclipse/configuration&#10;-application&#10;org.eclipse.tycho.surefire.osgibooter.uitest&#10;-testproperties&#10;/home/rohit/Desktop/swtbotLinuxTesting/SWTBOT-repo/swtbot/swtbot-eclipse-test/target/surefire.properties&#10;-nouithread&#10;"/>
    <property name="path.separator" value=":"/>
    <property name="osgi.compatibility.bootdelegation" value="true"/>
    <property name="os.version" value="4.18.0-15-generic"/>
    <property name="java.runtime.name" value="OpenJDK Runtime Environment"/>
    <property name="org.osgi.supports.framework.fragment" value="true"/>
    <property name="osgi.bundles" value="reference:file:org.eclipse.osgi.compatibility.state_1.1.600.v20190814-1451.jar,reference:file:org.eclipse.equinox.simpleconfigurator_1.3.300.v20190716-0825.jar@1:start"/>
    <property name="osgi.framework.shape" value="jar"/>
    <property name="java.vm.name" value="OpenJDK 64-Bit Server VM"/>
    <property name="eclipse.p2.profile" value="epp.package.java"/>
    <property name="osgi.framework" value="file:/home/rohit/SWTBOT-repo/projects/my-project/software/eclipse/plugins/org.eclipse.osgi_3.15.0.v20190830-1434.jar"/>
    <property name="osgi.configuration.area" value="file:/home/rohit/SWTBOT-repo/projects/my-project/software/eclipse/configuration/"/>
    <property name="osgi.os" value="linux"/>
    <property name="osgi.clean" value="true"/>
    <property name="java.vendor.url.bug" value="https://github.com/AdoptOpenJDK/openjdk-build/issues"/>
    <property name="org.osgi.framework.os.name" value="Linux"/>
    <property name="org.eclipse.m2e.log.dir" value="/home/rohit/Desktop/swtbotLinuxTesting/SWTBOT-repo/swtbot/swtbot-eclipse-test/target/work/data/.metadata/.plugins/org.eclipse.m2e.logback.configuration"/>
    <property name="osgi.splashPath" value="platform:/base/plugins/org.eclipse.platform"/>
    <property name="org.osgi.supports.framework.extension" value="true"/>
    <property name="applicationXMI" value="org.eclipse.ui.workbench/LegacyIDE.e4xmi"/>
    <property name="org.osgi.framework.storage" value="/home/rohit/SWTBOT-repo/projects/my-project/software/eclipse/configuration"/>
    <property name="user.dir" value="/home/rohit/Desktop/swtbotLinuxTesting/SWTBOT-repo/swtbot/swtbot-eclipse-test"/>
    <property name="os.arch" value="amd64"/>
    <property name="osgi.ws" value="gtk"/>
    <property name="osgi.instance.area" value="file:/home/rohit/Desktop/swtbotLinuxTesting/SWTBOT-repo/swtbot/swtbot-eclipse-test/target/work/data/"/>
    <property name="osgi.frameworkClassPath" value="., file:/home/rohit/SWTBOT-repo/projects/my-project/software/eclipse/plugins/org.eclipse.osgi.compatibility.state_1.1.600.v20190814-1451.jar"/>
    <property name="eclipse.startTime" value="1582197261518"/>
    <property name="org.osgi.framework.os.version" value="4.18.0"/>
    <property name="java.vm.info" value="mixed mode"/>
    <property name="java.vm.version" value="11.0.5+10"/>
    <property name="eclipse.p2.data.area" value="@config.dir/../p2/"/>
    <property name="org.apache.commons.logging.Log" value="org.apache.commons.logging.impl.NoOpLog"/>
    <property name="java.class.version" value="55.0"/>
  </properties>
  <testcase name="importJavaProject" classname="com.devonfw.java.modules.swttest.Devon4jAppTest" time="135.034">
    <error message="Timed out waiting for tree item devon4japp-core" type="org.eclipse.swtbot.swt.finder.exceptions.WidgetNotFoundException">org.eclipse.swtbot.swt.finder.exceptions.WidgetNotFoundException: Timed out waiting for tree item devon4japp-core
	at com.devonfw.java.modules.swttest.Devon4jAppTest.runProjectTestCases(Devon4jAppTest.java:58)
	at com.devonfw.java.modules.swttest.Devon4jAppTest.importJavaProject(Devon4jAppTest.java:52)
Caused by: org.eclipse.swtbot.swt.finder.widgets.TimeoutException: Timeout after: 5000 ms.: Could not find node with text devon4japp-core
	at com.devonfw.java.modules.swttest.Devon4jAppTest.runProjectTestCases(Devon4jAppTest.java:58)
	at com.devonfw.java.modules.swttest.Devon4jAppTest.importJavaProject(Devon4jAppTest.java:52)
</error>
    <system-err><![CDATA[log4j:WARN No appenders could be found for logger (org.eclipse.swtbot.swt.finder.matchers.AbstractMatcher).
log4j:WARN Please initialize the log4j system properly.
]]></system-err>
  </testcase>
  <testcase name="com.devonfw.java.modules.swttest.Devon4jAppTest" classname="com.devonfw.java.modules.swttest.Devon4jAppTest" time="140.771">
    <error message="Timeout after: 5000 ms.: Timed out waiting for Shell {Discover m2e connect...} to close." type="org.eclipse.swtbot.swt.finder.widgets.TimeoutException">org.eclipse.swtbot.swt.finder.widgets.TimeoutException: Timeout after: 5000 ms.: Timed out waiting for Shell {Discover m2e connect...} to close.
	at com.devonfw.java.modules.swttest.Devon4jAppTest.afterClass(Devon4jAppTest.java:76)
</error>
  </testcase>
</testsuite>